<?xml version="1.0" encoding="UTF-8"?>
<!-- Generated by org.testng.reporters.JUnitReportReporter -->
<testsuite hostname="SHIVARAJ" failures="0" tests="1" name="Appium.Testing.SeeMore" time="73.237" errors="0" timestamp="2023-03-14T10:34:46 IST" skipped="0">
  <testcase classname="Appium.Testing.SeeMore" name="launch" time="73.237"/>
  <system-out/>
</testsuite> <!-- Appium.Testing.SeeMore -->
