<?xml version="1.0" encoding="UTF-8"?>
<!-- Generated by org.testng.reporters.JUnitReportReporter -->
<testsuite hostname="SHIVARAJ" failures="0" tests="1" name="Appium.Testing.Uiautomator" time="9.885" errors="0" timestamp="2023-03-12T12:25:07 IST" skipped="0">
  <testcase classname="Appium.Testing.Uiautomator" name="appiumTest" time="9.885"/>
  <system-out/>
</testsuite> <!-- Appium.Testing.Uiautomator -->
